2023-12-30 13:30:08.562410: E external/local_xla/xla/stream_executor/cuda/cuda_dnn.cc:9261] Unable to register cuDNN factory: Attempting to register factory for plugin cuDNN when one has already been registered
2023-12-30 13:30:08.562656: E external/local_xla/xla/stream_executor/cuda/cuda_fft.cc:607] Unable to register cuFFT factory: Attempting to register factory for plugin cuFFT when one has already been registered
2023-12-30 13:30:08.563674: E external/local_xla/xla/stream_executor/cuda/cuda_blas.cc:1515] Unable to register cuBLAS factory: Attempting to register factory for plugin cuBLAS when one has already been registered
2023-12-30 13:30:08.569659: I tensorflow/core/platform/cpu_feature_guard.cc:182] This TensorFlow binary is optimized to use available CPU instructions in performance-critical operations.
To enable the following instructions: AVX2 FMA, in other operations, rebuild TensorFlow with the appropriate compiler flags.
2023-12-30 13:30:09.324463: W tensorflow/compiler/tf2tensorrt/utils/py_utils.cc:38] TF-TRT Warning: Could not find TensorRT
/raid/home/yiso/.local/lib/python3.10/site-packages/tensorflow_addons/utils/tfa_eol_msg.py:23: UserWarning: 

TensorFlow Addons (TFA) has ended development and introduction of new features.
TFA has entered a minimal maintenance and release mode until a planned end of life in May 2024.
Please modify downstream libraries to take dependencies from other repositories in our TensorFlow community (e.g. Keras, Keras-CV, and Keras-NLP). 

For more information see: https://github.com/tensorflow/addons/issues/2807 

  warnings.warn(
wandb: Currently logged in as: yi-zhong. Use `wandb login --relogin` to force relogin
wandb: Tracking run with wandb version 0.16.1
wandb: Run data is saved locally in /raid/home/yiso/working_directory/SeismicRepGAN-filippo/wandb/run-20231230_133012-82m9lfnl
wandb: Run `wandb offline` to turn off syncing.
wandb: Syncing run chocolate-darkness-1
wandb: â­ï¸ View project at https://wandb.ai/yi-zhong/RepGAN
wandb: ðŸš€ View run at https://wandb.ai/yi-zhong/RepGAN/runs/82m9lfnl
2023-12-30 13:30:14.508764: I tensorflow/core/common_runtime/gpu/gpu_device.cc:1929] Created device /job:localhost/replica:0/task:0/device:GPU:0 with 18100 MB memory:  -> device: 0, name: NVIDIA A100-SXM4-80GB MIG 2g.20gb, pci bus id: 0000:47:00.0, compute capability: 8.0
/raid/home/yiso/.local/lib/python3.10/site-packages/keras/src/backend.py:5575: UserWarning: "`categorical_crossentropy` received `from_logits=True`, but the `output` argument was produced by a Softmax activation and thus does not represent logits. Was this intended?
  output, from_logits = _get_logits(
2023-12-30 13:32:00.562540: I external/local_xla/xla/service/service.cc:168] XLA service 0x7fe4940022f0 initialized for platform Host (this does not guarantee that XLA will be used). Devices:
2023-12-30 13:32:00.562640: I external/local_xla/xla/service/service.cc:176]   StreamExecutor device (0): Host, Default Version
2023-12-30 13:32:00.569648: I tensorflow/compiler/mlir/tensorflow/utils/dump_mlir_util.cc:269] disabling MLIR crash reproducer, set env var `MLIR_CRASH_REPRODUCER_DIRECTORY` to enable.
WARNING: All log messages before absl::InitializeLog() is called are written to STDERR
I0000 00:00:1703939520.616849 2010590 device_compiler.h:186] Compiled cluster using XLA!  This line is logged at most once for the lifetime of the process.
2023-12-30 13:32:00.618508: E external/local_xla/xla/stream_executor/stream_executor_internal.h:177] SetPriority unimplemented for this stream.
2023-12-30 13:32:00.626783: E external/local_xla/xla/stream_executor/stream_executor_internal.h:177] SetPriority unimplemented for this stream.
2023-12-30 13:32:00.723984: E external/local_xla/xla/stream_executor/stream_executor_internal.h:177] SetPriority unimplemented for this stream.
slurmstepd: error: *** JOB 3308 ON dgxa100 CANCELLED AT 2023-12-30T13:36:24 ***
